[INFO ] 2019-04-30 20:51:00.554 [main] TestBase - Initializing the Webdriver and the Browser 
[INFO ] 2019-04-30 20:51:03.156 [main] TestBase - Initializing the Eventfiringwebdriver to log all the WebDriver Events
[INFO ] 2019-04-30 20:51:09.380 [main] TestBase - Initializing the Webdriver and the Browser 
[INFO ] 2019-04-30 20:51:11.412 [main] TestBase - Initializing the Eventfiringwebdriver to log all the WebDriver Events
[INFO ] 2019-04-30 20:51:16.707 [main] TestBase - Calling the verifyselectItemAndCheckOut test of the CategoryPageTest
[INFO ] 2019-04-30 20:51:22.396 [main] TestBase - Initializing the Webdriver and the Browser 
[INFO ] 2019-04-30 20:51:24.494 [main] TestBase - Initializing the Eventfiringwebdriver to log all the WebDriver Events
[INFO ] 2019-04-30 20:51:34.673 [main] TestBase - Calling the verifyselectItemAndCheckOut test of the OrderPageTest
[INFO ] 2019-04-30 20:51:36.982 [main] TestBase - Initializing the Webdriver and the Browser 
[INFO ] 2019-04-30 20:51:39.054 [main] TestBase - Initializing the Eventfiringwebdriver to log all the WebDriver Events
[INFO ] 2019-04-30 20:51:50.485 [main] TestBase - Calling Methods for the GuestCheckoutPageTest
[INFO ] 2019-04-30 20:51:52.324 [main] TestBase - Initializing the Webdriver and the Browser 
[INFO ] 2019-04-30 20:51:54.404 [main] TestBase - Initializing the Eventfiringwebdriver to log all the WebDriver Events
[INFO ] 2019-04-30 20:52:05.697 [main] TestBase - Calling Methods for the GuestCheckoutPageTest
[INFO ] 2019-04-30 20:52:06.561 [main] TestBase - Initializing the Webdriver and the Browser 
[INFO ] 2019-04-30 20:52:08.619 [main] TestBase - Initializing the Eventfiringwebdriver to log all the WebDriver Events
[INFO ] 2019-04-30 20:52:21.451 [main] TestBase - Calling errorVerificationWhennoValuePassedInForm Method ......
[INFO ] 2019-04-30 20:52:46.275 [main] TestBase - Initializing the Webdriver and the Browser 
[INFO ] 2019-04-30 20:52:48.334 [main] TestBase - Initializing the Eventfiringwebdriver to log all the WebDriver Events
[INFO ] 2019-04-30 20:52:59.790 [main] TestBase - Calling Methods for the Create Account Page 
[INFO ] 2019-04-30 20:53:00.518 [main] TestBase - Initializing the Webdriver and the Browser 
[INFO ] 2019-04-30 20:53:02.588 [main] TestBase - Initializing the Eventfiringwebdriver to log all the WebDriver Events
[INFO ] 2019-04-30 20:53:14.855 [main] TestBase - Calling Method verifyElementDoesNotExistForCountrySelection .....
[INFO ] 2019-04-30 20:53:19.989 [main] TestBase - Initializing the Webdriver and the Browser 
[INFO ] 2019-04-30 20:53:22.044 [main] TestBase - Initializing the Eventfiringwebdriver to log all the WebDriver Events
[INFO ] 2019-04-30 20:53:40.317 [main] TestBase - Initializing the Webdriver and the Browser 
[INFO ] 2019-04-30 20:53:42.379 [main] TestBase - Initializing the Eventfiringwebdriver to log all the WebDriver Events
[INFO ] 2019-04-30 20:53:53.979 [main] TestBase - Calling verifyNoPhoneNumberPassed Method ... 
[INFO ] 2019-04-30 20:53:59.016 [main] TestBase - Initializing the Webdriver and the Browser 
[INFO ] 2019-04-30 20:54:01.110 [main] TestBase - Initializing the Eventfiringwebdriver to log all the WebDriver Events
[INFO ] 2019-04-30 20:54:18.692 [main] TestBase - Calling Method verifyPageTitleAndPageText......
[INFO ] 2019-04-30 20:54:19.418 [main] TestBase - Initializing the Webdriver and the Browser 
[INFO ] 2019-04-30 20:54:21.476 [main] TestBase - Initializing the Eventfiringwebdriver to log all the WebDriver Events
[INFO ] 2019-04-30 20:54:37.885 [main] TestBase - Calling Method verifyProceedToCheckoutAddressTab......
[INFO ] 2019-04-30 20:54:39.727 [main] TestBase - Initializing the Webdriver and the Browser 
[INFO ] 2019-04-30 20:54:41.785 [main] TestBase - Initializing the Eventfiringwebdriver to log all the WebDriver Events
[INFO ] 2019-04-30 20:54:59.971 [main] TestBase - Calling Method verifyProceedToCheckoutShippingTab......
[INFO ] 2019-04-30 20:55:01.805 [main] TestBase - Initializing the Webdriver and the Browser 
[INFO ] 2019-04-30 20:55:03.865 [main] TestBase - Initializing the Eventfiringwebdriver to log all the WebDriver Events
[INFO ] 2019-04-30 20:55:22.096 [main] TestBase - Calling Method verifyShippingPageTitleAndPageText......
[INFO ] 2019-04-30 20:55:22.834 [main] TestBase - Initializing the Webdriver and the Browser 
[INFO ] 2019-04-30 20:55:24.893 [main] TestBase - Initializing the Eventfiringwebdriver to log all the WebDriver Events
[INFO ] 2019-04-30 20:55:43.769 [main] TestBase - Calling Method verifyOrder to confirm the order ......
[INFO ] 2019-04-30 20:55:44.528 [main] TestBase - Initializing the Webdriver and the Browser 
[INFO ] 2019-04-30 20:55:46.639 [main] TestBase - Initializing the Eventfiringwebdriver to log all the WebDriver Events
[ERROR] 2019-04-30 20:56:10.847 [main] TestBase - select summer dress action failed:
org.openqa.selenium.TimeoutException: Expected condition failed: waiting for visibility of [[ChromeDriver: chrome on XP (93410c2f17e8266bd2da84ca7237922e)] -> xpath: //a[text() = 'Summer Dresses']] (tried for 20 second(s) with 500 milliseconds interval)
Build info: version: '3.141.59', revision: 'e82be7d358', time: '2018-11-14T08:17:03'
System info: host: 'DESKTOP-9C2HJJE', ip: '192.168.0.10', os.name: 'Windows 10', os.arch: 'amd64', os.version: '10.0', java.version: '1.8.0_201'
Driver info: org.openqa.selenium.chrome.ChromeDriver
Capabilities {acceptInsecureCerts: false, acceptSslCerts: false, applicationCacheEnabled: false, browserConnectionEnabled: false, browserName: chrome, chrome: {chromedriverVersion: 73.0.3683.68 (47787ec04b6e3..., userDataDir: C:\Users\srima\AppData\Loca...}, cssSelectorsEnabled: true, databaseEnabled: false, goog:chromeOptions: {debuggerAddress: localhost:54502}, handlesAlerts: true, hasTouchScreen: false, javascriptEnabled: true, locationContextEnabled: true, mobileEmulationEnabled: false, nativeEvents: true, networkConnectionEnabled: false, pageLoadStrategy: normal, platform: XP, platformName: XP, proxy: Proxy(), rotatable: false, setWindowRect: true, strictFileInteractability: false, takesHeapSnapshot: true, takesScreenshot: true, timeouts: {implicit: 0, pageLoad: 300000, script: 30000}, unexpectedAlertBehaviour: ignore, unhandledPromptBehavior: ignore, version: 73.0.3683.103, webStorageEnabled: true}
Session ID: 93410c2f17e8266bd2da84ca7237922e
	at org.openqa.selenium.support.ui.WebDriverWait.timeoutException(WebDriverWait.java:95) ~[selenium-support-3.141.59.jar:?]
	at org.openqa.selenium.support.ui.FluentWait.until(FluentWait.java:272) ~[selenium-support-3.141.59.jar:?]
	at com.automation.pages.HomePage.selectSummerDress(HomePage.java:40) [classes/:?]
	at com.automation.tests.PaymentConfirmOrderPageTest.setUp(PaymentConfirmOrderPageTest.java:44) [test-classes/:?]
	at sun.reflect.NativeMethodAccessorImpl.invoke0(Native Method) ~[?:1.8.0_201]
	at sun.reflect.NativeMethodAccessorImpl.invoke(NativeMethodAccessorImpl.java:62) ~[?:1.8.0_201]
	at sun.reflect.DelegatingMethodAccessorImpl.invoke(DelegatingMethodAccessorImpl.java:43) ~[?:1.8.0_201]
	at java.lang.reflect.Method.invoke(Method.java:498) ~[?:1.8.0_201]
	at org.testng.internal.MethodInvocationHelper.invokeMethod(MethodInvocationHelper.java:108) [testng-6.11.jar:?]
	at org.testng.internal.Invoker.invokeConfigurationMethod(Invoker.java:523) [testng-6.11.jar:?]
	at org.testng.internal.Invoker.invokeConfigurations(Invoker.java:224) [testng-6.11.jar:?]
	at org.testng.internal.Invoker.invokeMethod(Invoker.java:599) [testng-6.11.jar:?]
	at org.testng.internal.Invoker.invokeTestMethod(Invoker.java:869) [testng-6.11.jar:?]
	at org.testng.internal.Invoker.invokeTestMethods(Invoker.java:1193) [testng-6.11.jar:?]
	at org.testng.internal.TestMethodWorker.invokeTestMethods(TestMethodWorker.java:126) [testng-6.11.jar:?]
	at org.testng.internal.TestMethodWorker.run(TestMethodWorker.java:109) [testng-6.11.jar:?]
	at org.testng.TestRunner.privateRun(TestRunner.java:744) [testng-6.11.jar:?]
	at org.testng.TestRunner.run(TestRunner.java:602) [testng-6.11.jar:?]
	at org.testng.SuiteRunner.runTest(SuiteRunner.java:380) [testng-6.11.jar:?]
	at org.testng.SuiteRunner.runSequentially(SuiteRunner.java:375) [testng-6.11.jar:?]
	at org.testng.SuiteRunner.privateRun(SuiteRunner.java:340) [testng-6.11.jar:?]
	at org.testng.SuiteRunner.run(SuiteRunner.java:289) [testng-6.11.jar:?]
	at org.testng.SuiteRunnerWorker.runSuite(SuiteRunnerWorker.java:52) [testng-6.11.jar:?]
	at org.testng.SuiteRunnerWorker.run(SuiteRunnerWorker.java:86) [testng-6.11.jar:?]
	at org.testng.TestNG.runSuitesSequentially(TestNG.java:1301) [testng-6.11.jar:?]
	at org.testng.TestNG.runSuitesLocally(TestNG.java:1226) [testng-6.11.jar:?]
	at org.testng.TestNG.runSuites(TestNG.java:1144) [testng-6.11.jar:?]
	at org.testng.TestNG.run(TestNG.java:1115) [testng-6.11.jar:?]
	at org.testng.remote.AbstractRemoteTestNG.run(AbstractRemoteTestNG.java:115) [testng-remote.jar:?]
	at org.testng.remote.RemoteTestNG.initAndRun(RemoteTestNG.java:251) [testng-remote.jar:?]
	at org.testng.remote.RemoteTestNG.main(RemoteTestNG.java:77) [testng-remote.jar:?]
