<?xml version="1.0" encoding="UTF-8"?>
<!-- Generated by org.testng.reporters.JUnitXMLReporter -->
<testsuite hostname="DESKTOP-9C2HJJE" ignored="0" name="Automation Challenge Test Execution" tests="16" failures="0" timestamp="01 May 2019 00:56:10 GMT" time="310.329" errors="0">
  <testcase name="@BeforeMethod setUp" time="26.332" classname="com.automation.tests.PaymentConfirmOrderPageTest">
    <failure type="org.openqa.selenium.TimeoutException" message="Expected condition failed: waiting for visibility of [[ChromeDriver: chrome on XP (93410c2f17e8266bd2da84ca7237922e)] -&amp;gt; xpath: //a[text() = &amp;apos;Summer Dresses&amp;apos;]] (tried for 20 second(s) with 500 milliseconds interval)
Build info: version: &amp;apos;3.141.59&amp;apos;, revision: &amp;apos;e82be7d358&amp;apos;, time: &amp;apos;2018-11-14T08:17:03&amp;apos;
System info: host: &amp;apos;DESKTOP-9C2HJJE&amp;apos;, ip: &amp;apos;192.168.0.10&amp;apos;, os.name: &amp;apos;Windows 10&amp;apos;, os.arch: &amp;apos;amd64&amp;apos;, os.version: &amp;apos;10.0&amp;apos;, java.version: &amp;apos;1.8.0_201&amp;apos;
Driver info: org.openqa.selenium.chrome.ChromeDriver
Capabilities {acceptInsecureCerts: false, acceptSslCerts: false, applicationCacheEnabled: false, browserConnectionEnabled: false, browserName: chrome, chrome: {chromedriverVersion: 73.0.3683.68 (47787ec04b6e3..., userDataDir: C:\Users\srima\AppData\Loca...}, cssSelectorsEnabled: true, databaseEnabled: false, goog:chromeOptions: {debuggerAddress: localhost:54502}, handlesAlerts: true, hasTouchScreen: false, javascriptEnabled: true, locationContextEnabled: true, mobileEmulationEnabled: false, nativeEvents: true, networkConnectionEnabled: false, pageLoadStrategy: normal, platform: XP, platformName: XP, proxy: Proxy(), rotatable: false, setWindowRect: true, strictFileInteractability: false, takesHeapSnapshot: true, takesScreenshot: true, timeouts: {implicit: 0, pageLoad: 300000, script: 30000}, unexpectedAlertBehaviour: ignore, unhandledPromptBehavior: ignore, version: 73.0.3683.103, webStorageEnabled: true}
Session ID: 93410c2f17e8266bd2da84ca7237922e">
      <![CDATA[org.openqa.selenium.TimeoutException: Expected condition failed: waiting for visibility of [[ChromeDriver: chrome on XP (93410c2f17e8266bd2da84ca7237922e)] -> xpath: //a[text() = 'Summer Dresses']] (tried for 20 second(s) with 500 milliseconds interval)
Build info: version: '3.141.59', revision: 'e82be7d358', time: '2018-11-14T08:17:03'
System info: host: 'DESKTOP-9C2HJJE', ip: '192.168.0.10', os.name: 'Windows 10', os.arch: 'amd64', os.version: '10.0', java.version: '1.8.0_201'
Driver info: org.openqa.selenium.chrome.ChromeDriver
Capabilities {acceptInsecureCerts: false, acceptSslCerts: false, applicationCacheEnabled: false, browserConnectionEnabled: false, browserName: chrome, chrome: {chromedriverVersion: 73.0.3683.68 (47787ec04b6e3..., userDataDir: C:\Users\srima\AppData\Loca...}, cssSelectorsEnabled: true, databaseEnabled: false, goog:chromeOptions: {debuggerAddress: localhost:54502}, handlesAlerts: true, hasTouchScreen: false, javascriptEnabled: true, locationContextEnabled: true, mobileEmulationEnabled: false, nativeEvents: true, networkConnectionEnabled: false, pageLoadStrategy: normal, platform: XP, platformName: XP, proxy: Proxy(), rotatable: false, setWindowRect: true, strictFileInteractability: false, takesHeapSnapshot: true, takesScreenshot: true, timeouts: {implicit: 0, pageLoad: 300000, script: 30000}, unexpectedAlertBehaviour: ignore, unhandledPromptBehavior: ignore, version: 73.0.3683.103, webStorageEnabled: true}
Session ID: 93410c2f17e8266bd2da84ca7237922e
	at org.openqa.selenium.support.ui.WebDriverWait.timeoutException(WebDriverWait.java:95)
	at org.openqa.selenium.support.ui.FluentWait.until(FluentWait.java:272)
	at com.automation.pages.HomePage.selectSummerDress(HomePage.java:40)
	at com.automation.tests.PaymentConfirmOrderPageTest.setUp(PaymentConfirmOrderPageTest.java:44)
... Removed 27 stack frames]]>
    </failure>
  </testcase> <!-- @BeforeMethod setUp -->
  <testcase name="navigateToCategoryTest" time="1.499" classname="com.automation.tests.HomePageTest"/>
  <testcase name="verifyselectItemAndCheckOut" time="4.973" classname="com.automation.tests.CategoryPageTest"/>
  <testcase name="verifyselectItemAndCheckOut" time="1.602" classname="com.automation.tests.OrderPageTest"/>
  <testcase name="validateAlreadyRegisterdEmails" time="1.136" classname="com.automation.tests.GuestCheckoutPageTest"/>
  <testcase name="verifyEmailAndCreateAccontButton" time="0.146" classname="com.automation.tests.GuestCheckoutPageTest"/>
  <testcase name="errorVerificationWhennoValuePassedInForm" time="24.143" classname="com.automation.tests.CreateAccountPageTest"/>
  <testcase name="verifyCreateAccontPage" time="0.026" classname="com.automation.tests.CreateAccountPageTest"/>
  <testcase name="verifyElementDoesNotExistForCountrySelection" time="4.085" classname="com.automation.tests.CreateAccountPageTest"/>
  <testcase name="verifyNewAccountCreation" time="5.134" classname="com.automation.tests.CreateAccountPageTest"/>
  <testcase name="verifyNoPhoneNumberPassed" time="4.296" classname="com.automation.tests.CreateAccountPageTest"/>
  <testcase name="verifyPageTitleAndPageText" time="0.028" classname="com.automation.tests.AddressTabPageTest"/>
  <testcase name="verifyProceedToCheckoutAddressTab" time="1.128" classname="com.automation.tests.AddressTabPageTest"/>
  <testcase name="verifyProceedToCheckoutShippingTab" time="1.144" classname="com.automation.tests.ShippingTabPageTest"/>
  <testcase name="verifyShippingPageTitleAndPageText" time="0.028" classname="com.automation.tests.ShippingTabPageTest"/>
  <testcase name="verifyOrder" time="0.067" classname="com.automation.tests.PaymentConfirmOrderPageTest"/>
  <testcase name="verifyPaymentPageTextAndTitle" time="0.0" classname="com.automation.tests.PaymentConfirmOrderPageTest">
    <skipped/>
  </testcase> <!-- verifyPaymentPageTextAndTitle -->
</testsuite> <!-- Automation Challenge Test Execution -->
