<html>
<head>
<title>TestNG:  Automation Challenge Test Execution</title>
<link href="../testng.css" rel="stylesheet" type="text/css" />
<link href="../my-testng.css" rel="stylesheet" type="text/css" />

<style type="text/css">
.log { display: none;} 
.stack-trace { display: none;} 
</style>
<script type="text/javascript">
<!--
function flip(e) {
  current = e.style.display;
  if (current == 'block') {
    e.style.display = 'none';
    return 0;
  }
  else {
    e.style.display = 'block';
    return 1;
  }
}

function toggleBox(szDivId, elem, msg1, msg2)
{
  var res = -1;  if (document.getElementById) {
    res = flip(document.getElementById(szDivId));
  }
  else if (document.all) {
    // this is the way old msie versions work
    res = flip(document.all[szDivId]);
  }
  if(elem) {
    if(res == 0) elem.innerHTML = msg1; else elem.innerHTML = msg2;
  }

}

function toggleAllBoxes() {
  if (document.getElementsByTagName) {
    d = document.getElementsByTagName('div');
    for (i = 0; i < d.length; i++) {
      if (d[i].className == 'log') {
        flip(d[i]);
      }
    }
  }
}

// -->
</script>

</head>
<body>
<h2 align='center'>Automation Challenge Test Execution</h2><table border='1' align="center">
<tr>
<td>Tests passed/Failed/Skipped:</td><td>15/0/1</td>
</tr><tr>
<td>Started on:</td><td>Tue Apr 30 20:51:00 EDT 2019</td>
</tr>
<tr><td>Total time:</td><td>310 seconds (310329 ms)</td>
</tr><tr>
<td>Included groups:</td><td></td>
</tr><tr>
<td>Excluded groups:</td><td></td>
</tr>
</table><p/>
<small><i>(Hover the method name to see the test class name)</i></small><p/>
<table width='100%' border='1' class='invocation-failed'>
<tr><td colspan='4' align='center'><b>FAILED CONFIGURATIONS</b></td></tr>
<tr><td><b>Test method</b></td>
<td width="30%"><b>Exception</b></td>
<td width="10%"><b>Time (seconds)</b></td>
<td><b>Instance</b></td>
</tr>
<tr>
<td title='com.automation.tests.PaymentConfirmOrderPageTest.setUp()'><b>setUp</b><br>Test class: com.automation.tests.PaymentConfirmOrderPageTest</td>
<td><div><pre>org.openqa.selenium.TimeoutException: Expected condition failed: waiting for visibility of [[ChromeDriver: chrome on XP (93410c2f17e8266bd2da84ca7237922e)] -&gt; xpath: //a[text() = &apos;Summer Dresses&apos;]] (tried for 20 second(s) with 500 milliseconds interval)
Build info: version: &apos;3.141.59&apos;, revision: &apos;e82be7d358&apos;, time: &apos;2018-11-14T08:17:03&apos;
System info: host: &apos;DESKTOP-9C2HJJE&apos;, ip: &apos;192.168.0.10&apos;, os.name: &apos;Windows 10&apos;, os.arch: &apos;amd64&apos;, os.version: &apos;10.0&apos;, java.version: &apos;1.8.0_201&apos;
Driver info: org.openqa.selenium.chrome.ChromeDriver
Capabilities {acceptInsecureCerts: false, acceptSslCerts: false, applicationCacheEnabled: false, browserConnectionEnabled: false, browserName: chrome, chrome: {chromedriverVersion: 73.0.3683.68 (47787ec04b6e3..., userDataDir: C:\Users\srima\AppData\Loca...}, cssSelectorsEnabled: true, databaseEnabled: false, goog:chromeOptions: {debuggerAddress: localhost:54502}, handlesAlerts: true, hasTouchScreen: false, javascriptEnabled: true, locationContextEnabled: true, mobileEmulationEnabled: false, nativeEvents: true, networkConnectionEnabled: false, pageLoadStrategy: normal, platform: XP, platformName: XP, proxy: Proxy(), rotatable: false, setWindowRect: true, strictFileInteractability: false, takesHeapSnapshot: true, takesScreenshot: true, timeouts: {implicit: 0, pageLoad: 300000, script: 30000}, unexpectedAlertBehaviour: ignore, unhandledPromptBehavior: ignore, version: 73.0.3683.103, webStorageEnabled: true}
Session ID: 93410c2f17e8266bd2da84ca7237922e
	at org.openqa.selenium.support.ui.WebDriverWait.timeoutException(WebDriverWait.java:95)
	at org.openqa.selenium.support.ui.FluentWait.until(FluentWait.java:272)
	at com.automation.pages.HomePage.selectSummerDress(HomePage.java:40)
	at com.automation.tests.PaymentConfirmOrderPageTest.setUp(PaymentConfirmOrderPageTest.java:44)
... Removed 27 stack frames</pre></div><a href='#' onClick='toggleBox("stack-trace1461595925", this, "Click to show all stack frames", "Click to hide stack frames")'>Click to show all stack frames</a>
<div class='stack-trace' id='stack-trace1461595925'><pre>org.openqa.selenium.TimeoutException: Expected condition failed: waiting for visibility of [[ChromeDriver: chrome on XP (93410c2f17e8266bd2da84ca7237922e)] -&gt; xpath: //a[text() = &apos;Summer Dresses&apos;]] (tried for 20 second(s) with 500 milliseconds interval)
Build info: version: &apos;3.141.59&apos;, revision: &apos;e82be7d358&apos;, time: &apos;2018-11-14T08:17:03&apos;
System info: host: &apos;DESKTOP-9C2HJJE&apos;, ip: &apos;192.168.0.10&apos;, os.name: &apos;Windows 10&apos;, os.arch: &apos;amd64&apos;, os.version: &apos;10.0&apos;, java.version: &apos;1.8.0_201&apos;
Driver info: org.openqa.selenium.chrome.ChromeDriver
Capabilities {acceptInsecureCerts: false, acceptSslCerts: false, applicationCacheEnabled: false, browserConnectionEnabled: false, browserName: chrome, chrome: {chromedriverVersion: 73.0.3683.68 (47787ec04b6e3..., userDataDir: C:\Users\srima\AppData\Loca...}, cssSelectorsEnabled: true, databaseEnabled: false, goog:chromeOptions: {debuggerAddress: localhost:54502}, handlesAlerts: true, hasTouchScreen: false, javascriptEnabled: true, locationContextEnabled: true, mobileEmulationEnabled: false, nativeEvents: true, networkConnectionEnabled: false, pageLoadStrategy: normal, platform: XP, platformName: XP, proxy: Proxy(), rotatable: false, setWindowRect: true, strictFileInteractability: false, takesHeapSnapshot: true, takesScreenshot: true, timeouts: {implicit: 0, pageLoad: 300000, script: 30000}, unexpectedAlertBehaviour: ignore, unhandledPromptBehavior: ignore, version: 73.0.3683.103, webStorageEnabled: true}
Session ID: 93410c2f17e8266bd2da84ca7237922e
	at org.openqa.selenium.support.ui.WebDriverWait.timeoutException(WebDriverWait.java:95)
	at org.openqa.selenium.support.ui.FluentWait.until(FluentWait.java:272)
	at com.automation.pages.HomePage.selectSummerDress(HomePage.java:40)
	at com.automation.tests.PaymentConfirmOrderPageTest.setUp(PaymentConfirmOrderPageTest.java:44)
	at sun.reflect.NativeMethodAccessorImpl.invoke0(Native Method)
	at sun.reflect.NativeMethodAccessorImpl.invoke(NativeMethodAccessorImpl.java:62)
	at sun.reflect.DelegatingMethodAccessorImpl.invoke(DelegatingMethodAccessorImpl.java:43)
	at java.lang.reflect.Method.invoke(Method.java:498)
	at org.testng.internal.MethodInvocationHelper.invokeMethod(MethodInvocationHelper.java:108)
	at org.testng.internal.Invoker.invokeConfigurationMethod(Invoker.java:523)
	at org.testng.internal.Invoker.invokeConfigurations(Invoker.java:224)
	at org.testng.internal.Invoker.invokeMethod(Invoker.java:599)
	at org.testng.internal.Invoker.invokeTestMethod(Invoker.java:869)
	at org.testng.internal.Invoker.invokeTestMethods(Invoker.java:1193)
	at org.testng.internal.TestMethodWorker.invokeTestMethods(TestMethodWorker.java:126)
	at org.testng.internal.TestMethodWorker.run(TestMethodWorker.java:109)
	at org.testng.TestRunner.privateRun(TestRunner.java:744)
	at org.testng.TestRunner.run(TestRunner.java:602)
	at org.testng.SuiteRunner.runTest(SuiteRunner.java:380)
	at org.testng.SuiteRunner.runSequentially(SuiteRunner.java:375)
	at org.testng.SuiteRunner.privateRun(SuiteRunner.java:340)
	at org.testng.SuiteRunner.run(SuiteRunner.java:289)
	at org.testng.SuiteRunnerWorker.runSuite(SuiteRunnerWorker.java:52)
	at org.testng.SuiteRunnerWorker.run(SuiteRunnerWorker.java:86)
	at org.testng.TestNG.runSuitesSequentially(TestNG.java:1301)
	at org.testng.TestNG.runSuitesLocally(TestNG.java:1226)
	at org.testng.TestNG.runSuites(TestNG.java:1144)
	at org.testng.TestNG.run(TestNG.java:1115)
	at org.testng.remote.AbstractRemoteTestNG.run(AbstractRemoteTestNG.java:115)
	at org.testng.remote.RemoteTestNG.initAndRun(RemoteTestNG.java:251)
	at org.testng.remote.RemoteTestNG.main(RemoteTestNG.java:77)
</pre></div></td>
<td>26</td>
<td>com.automation.tests.PaymentConfirmOrderPageTest@42a48628</td></tr>
</table><p>
<table width='100%' border='1' class='invocation-passed'>
<tr><td colspan='4' align='center'><b>PASSED TESTS</b></td></tr>
<tr><td><b>Test method</b></td>
<td width="30%"><b>Exception</b></td>
<td width="10%"><b>Time (seconds)</b></td>
<td><b>Instance</b></td>
</tr>
<tr>
<td title='com.automation.tests.CreateAccountPageTest.errorVerificationWhennoValuePassedInForm()'><b>errorVerificationWhennoValuePassedInForm</b><br>Test class: com.automation.tests.CreateAccountPageTest</td>
<td></td>
<td>24</td>
<td>com.automation.tests.CreateAccountPageTest@6cf0e0ba</td></tr>
<tr>
<td title='com.automation.tests.HomePageTest.navigateToCategoryTest()'><b>navigateToCategoryTest</b><br>Test class: com.automation.tests.HomePageTest</td>
<td></td>
<td>1</td>
<td>com.automation.tests.HomePageTest@35e2d654</td></tr>
<tr>
<td title='com.automation.tests.GuestCheckoutPageTest.validateAlreadyRegisterdEmails()'><b>validateAlreadyRegisterdEmails</b><br>Test class: com.automation.tests.GuestCheckoutPageTest</td>
<td></td>
<td>1</td>
<td>com.automation.tests.GuestCheckoutPageTest@4f83df68</td></tr>
<tr>
<td title='com.automation.tests.CreateAccountPageTest.verifyCreateAccontPage()'><b>verifyCreateAccontPage</b><br>Test class: com.automation.tests.CreateAccountPageTest</td>
<td></td>
<td>0</td>
<td>com.automation.tests.CreateAccountPageTest@6cf0e0ba</td></tr>
<tr>
<td title='com.automation.tests.CreateAccountPageTest.verifyElementDoesNotExistForCountrySelection()'><b>verifyElementDoesNotExistForCountrySelection</b><br>Test class: com.automation.tests.CreateAccountPageTest</td>
<td></td>
<td>4</td>
<td>com.automation.tests.CreateAccountPageTest@6cf0e0ba</td></tr>
<tr>
<td title='com.automation.tests.GuestCheckoutPageTest.verifyEmailAndCreateAccontButton()'><b>verifyEmailAndCreateAccontButton</b><br>Test class: com.automation.tests.GuestCheckoutPageTest</td>
<td></td>
<td>0</td>
<td>com.automation.tests.GuestCheckoutPageTest@4f83df68</td></tr>
<tr>
<td title='com.automation.tests.CreateAccountPageTest.verifyNewAccountCreation()'><b>verifyNewAccountCreation</b><br>Test class: com.automation.tests.CreateAccountPageTest<br>Parameters: M, Masar, Nisarr, masar123, 2, 4, 6, Masar, Nisarr, cmp1, add1, add2, winchester, Florida, 21780, United States, test123, 201-45-9876, 748-535-7312, add_alias</td>
<td></td>
<td>5</td>
<td>com.automation.tests.CreateAccountPageTest@6cf0e0ba</td></tr>
<tr>
<td title='com.automation.tests.CreateAccountPageTest.verifyNoPhoneNumberPassed()'><b>verifyNoPhoneNumberPassed</b><br>Test class: com.automation.tests.CreateAccountPageTest</td>
<td></td>
<td>4</td>
<td>com.automation.tests.CreateAccountPageTest@6cf0e0ba</td></tr>
<tr>
<td title='com.automation.tests.PaymentConfirmOrderPageTest.verifyOrder()'><b>verifyOrder</b><br>Test class: com.automation.tests.PaymentConfirmOrderPageTest</td>
<td></td>
<td>0</td>
<td>com.automation.tests.PaymentConfirmOrderPageTest@42a48628</td></tr>
<tr>
<td title='com.automation.tests.AddressTabPageTest.verifyPageTitleAndPageText()'><b>verifyPageTitleAndPageText</b><br>Test class: com.automation.tests.AddressTabPageTest</td>
<td></td>
<td>0</td>
<td>com.automation.tests.AddressTabPageTest@7d8995e</td></tr>
<tr>
<td title='com.automation.tests.AddressTabPageTest.verifyProceedToCheckoutAddressTab()'><b>verifyProceedToCheckoutAddressTab</b><br>Test class: com.automation.tests.AddressTabPageTest</td>
<td></td>
<td>1</td>
<td>com.automation.tests.AddressTabPageTest@7d8995e</td></tr>
<tr>
<td title='com.automation.tests.ShippingTabPageTest.verifyProceedToCheckoutShippingTab()'><b>verifyProceedToCheckoutShippingTab</b><br>Test class: com.automation.tests.ShippingTabPageTest</td>
<td></td>
<td>1</td>
<td>com.automation.tests.ShippingTabPageTest@130d63be</td></tr>
<tr>
<td title='com.automation.tests.ShippingTabPageTest.verifyShippingPageTitleAndPageText()'><b>verifyShippingPageTitleAndPageText</b><br>Test class: com.automation.tests.ShippingTabPageTest</td>
<td></td>
<td>0</td>
<td>com.automation.tests.ShippingTabPageTest@130d63be</td></tr>
<tr>
<td title='com.automation.tests.CategoryPageTest.verifyselectItemAndCheckOut()'><b>verifyselectItemAndCheckOut</b><br>Test class: com.automation.tests.CategoryPageTest</td>
<td></td>
<td>4</td>
<td>com.automation.tests.CategoryPageTest@1bd4fdd</td></tr>
<tr>
<td title='com.automation.tests.OrderPageTest.verifyselectItemAndCheckOut()'><b>verifyselectItemAndCheckOut</b><br>Test class: com.automation.tests.OrderPageTest</td>
<td></td>
<td>1</td>
<td>com.automation.tests.OrderPageTest@55183b20</td></tr>
</table><p>
<table width='100%' border='1' class='invocation-skipped'>
<tr><td colspan='4' align='center'><b>SKIPPED TESTS</b></td></tr>
<tr><td><b>Test method</b></td>
<td width="30%"><b>Exception</b></td>
<td width="10%"><b>Time (seconds)</b></td>
<td><b>Instance</b></td>
</tr>
<tr>
<td title='com.automation.tests.PaymentConfirmOrderPageTest.verifyPaymentPageTextAndTitle()'><b>verifyPaymentPageTextAndTitle</b><br>Test class: com.automation.tests.PaymentConfirmOrderPageTest</td>
<td><div><pre>org.openqa.selenium.TimeoutException: Expected condition failed: waiting for visibility of [[ChromeDriver: chrome on XP (93410c2f17e8266bd2da84ca7237922e)] -&gt; xpath: //a[text() = &apos;Summer Dresses&apos;]] (tried for 20 second(s) with 500 milliseconds interval)
Build info: version: &apos;3.141.59&apos;, revision: &apos;e82be7d358&apos;, time: &apos;2018-11-14T08:17:03&apos;
System info: host: &apos;DESKTOP-9C2HJJE&apos;, ip: &apos;192.168.0.10&apos;, os.name: &apos;Windows 10&apos;, os.arch: &apos;amd64&apos;, os.version: &apos;10.0&apos;, java.version: &apos;1.8.0_201&apos;
Driver info: org.openqa.selenium.chrome.ChromeDriver
Capabilities {acceptInsecureCerts: false, acceptSslCerts: false, applicationCacheEnabled: false, browserConnectionEnabled: false, browserName: chrome, chrome: {chromedriverVersion: 73.0.3683.68 (47787ec04b6e3..., userDataDir: C:\Users\srima\AppData\Loca...}, cssSelectorsEnabled: true, databaseEnabled: false, goog:chromeOptions: {debuggerAddress: localhost:54502}, handlesAlerts: true, hasTouchScreen: false, javascriptEnabled: true, locationContextEnabled: true, mobileEmulationEnabled: false, nativeEvents: true, networkConnectionEnabled: false, pageLoadStrategy: normal, platform: XP, platformName: XP, proxy: Proxy(), rotatable: false, setWindowRect: true, strictFileInteractability: false, takesHeapSnapshot: true, takesScreenshot: true, timeouts: {implicit: 0, pageLoad: 300000, script: 30000}, unexpectedAlertBehaviour: ignore, unhandledPromptBehavior: ignore, version: 73.0.3683.103, webStorageEnabled: true}
Session ID: 93410c2f17e8266bd2da84ca7237922e
	at org.openqa.selenium.support.ui.WebDriverWait.timeoutException(WebDriverWait.java:95)
	at org.openqa.selenium.support.ui.FluentWait.until(FluentWait.java:272)
	at com.automation.pages.HomePage.selectSummerDress(HomePage.java:40)
	at com.automation.tests.PaymentConfirmOrderPageTest.setUp(PaymentConfirmOrderPageTest.java:44)
... Removed 27 stack frames</pre></div><a href='#' onClick='toggleBox("stack-trace1373240624", this, "Click to show all stack frames", "Click to hide stack frames")'>Click to show all stack frames</a>
<div class='stack-trace' id='stack-trace1373240624'><pre>org.openqa.selenium.TimeoutException: Expected condition failed: waiting for visibility of [[ChromeDriver: chrome on XP (93410c2f17e8266bd2da84ca7237922e)] -&gt; xpath: //a[text() = &apos;Summer Dresses&apos;]] (tried for 20 second(s) with 500 milliseconds interval)
Build info: version: &apos;3.141.59&apos;, revision: &apos;e82be7d358&apos;, time: &apos;2018-11-14T08:17:03&apos;
System info: host: &apos;DESKTOP-9C2HJJE&apos;, ip: &apos;192.168.0.10&apos;, os.name: &apos;Windows 10&apos;, os.arch: &apos;amd64&apos;, os.version: &apos;10.0&apos;, java.version: &apos;1.8.0_201&apos;
Driver info: org.openqa.selenium.chrome.ChromeDriver
Capabilities {acceptInsecureCerts: false, acceptSslCerts: false, applicationCacheEnabled: false, browserConnectionEnabled: false, browserName: chrome, chrome: {chromedriverVersion: 73.0.3683.68 (47787ec04b6e3..., userDataDir: C:\Users\srima\AppData\Loca...}, cssSelectorsEnabled: true, databaseEnabled: false, goog:chromeOptions: {debuggerAddress: localhost:54502}, handlesAlerts: true, hasTouchScreen: false, javascriptEnabled: true, locationContextEnabled: true, mobileEmulationEnabled: false, nativeEvents: true, networkConnectionEnabled: false, pageLoadStrategy: normal, platform: XP, platformName: XP, proxy: Proxy(), rotatable: false, setWindowRect: true, strictFileInteractability: false, takesHeapSnapshot: true, takesScreenshot: true, timeouts: {implicit: 0, pageLoad: 300000, script: 30000}, unexpectedAlertBehaviour: ignore, unhandledPromptBehavior: ignore, version: 73.0.3683.103, webStorageEnabled: true}
Session ID: 93410c2f17e8266bd2da84ca7237922e
	at org.openqa.selenium.support.ui.WebDriverWait.timeoutException(WebDriverWait.java:95)
	at org.openqa.selenium.support.ui.FluentWait.until(FluentWait.java:272)
	at com.automation.pages.HomePage.selectSummerDress(HomePage.java:40)
	at com.automation.tests.PaymentConfirmOrderPageTest.setUp(PaymentConfirmOrderPageTest.java:44)
	at sun.reflect.NativeMethodAccessorImpl.invoke0(Native Method)
	at sun.reflect.NativeMethodAccessorImpl.invoke(NativeMethodAccessorImpl.java:62)
	at sun.reflect.DelegatingMethodAccessorImpl.invoke(DelegatingMethodAccessorImpl.java:43)
	at java.lang.reflect.Method.invoke(Method.java:498)
	at org.testng.internal.MethodInvocationHelper.invokeMethod(MethodInvocationHelper.java:108)
	at org.testng.internal.Invoker.invokeConfigurationMethod(Invoker.java:523)
	at org.testng.internal.Invoker.invokeConfigurations(Invoker.java:224)
	at org.testng.internal.Invoker.invokeMethod(Invoker.java:599)
	at org.testng.internal.Invoker.invokeTestMethod(Invoker.java:869)
	at org.testng.internal.Invoker.invokeTestMethods(Invoker.java:1193)
	at org.testng.internal.TestMethodWorker.invokeTestMethods(TestMethodWorker.java:126)
	at org.testng.internal.TestMethodWorker.run(TestMethodWorker.java:109)
	at org.testng.TestRunner.privateRun(TestRunner.java:744)
	at org.testng.TestRunner.run(TestRunner.java:602)
	at org.testng.SuiteRunner.runTest(SuiteRunner.java:380)
	at org.testng.SuiteRunner.runSequentially(SuiteRunner.java:375)
	at org.testng.SuiteRunner.privateRun(SuiteRunner.java:340)
	at org.testng.SuiteRunner.run(SuiteRunner.java:289)
	at org.testng.SuiteRunnerWorker.runSuite(SuiteRunnerWorker.java:52)
	at org.testng.SuiteRunnerWorker.run(SuiteRunnerWorker.java:86)
	at org.testng.TestNG.runSuitesSequentially(TestNG.java:1301)
	at org.testng.TestNG.runSuitesLocally(TestNG.java:1226)
	at org.testng.TestNG.runSuites(TestNG.java:1144)
	at org.testng.TestNG.run(TestNG.java:1115)
	at org.testng.remote.AbstractRemoteTestNG.run(AbstractRemoteTestNG.java:115)
	at org.testng.remote.RemoteTestNG.initAndRun(RemoteTestNG.java:251)
	at org.testng.remote.RemoteTestNG.main(RemoteTestNG.java:77)
</pre></div></td>
<td>0</td>
<td>com.automation.tests.PaymentConfirmOrderPageTest@42a48628</td></tr>
</table><p>
</body>
</html>