<!DOCTYPE html PUBLIC "-//W3C//DTD XHTML 1.1//EN" "http://www.w3.org/TR/xhtml11/DTD/xhtml11.dtd">
<html xmlns="http://www.w3.org/1999/xhtml"><head><title>TestNG Report</title><style type="text/css">table {margin-bottom:10px;border-collapse:collapse;empty-cells:show}th,td {border:1px solid #009;padding:.25em .5em}th {vertical-align:bottom}td {vertical-align:top}table a {font-weight:bold}.stripe td {background-color: #E6EBF9}.num {text-align:right}.passedodd td {background-color: #3F3}.passedeven td {background-color: #0A0}.skippedodd td {background-color: #DDD}.skippedeven td {background-color: #CCC}.failedodd td,.attn {background-color: #F33}.failedeven td,.stripe .attn {background-color: #D00}.stacktrace {white-space:pre;font-family:monospace}.totop {font-size:85%;text-align:center;border-bottom:2px solid #000}</style></head><body><table><tr><th>Test</th><th># Passed</th><th># Skipped</th><th># Failed</th><th>Time (ms)</th><th>Included Groups</th><th>Excluded Groups</th></tr><tr><th colspan="7">Test Automation Test Suite</th></tr><tr><td><a href="#t0">Automation Challenge Test Execution</a></td><td class="num">15</td><td class="num attn">1</td><td class="num">0</td><td class="num">310,329</td><td></td><td></td></tr></table><table id='summary'><thead><tr><th>Class</th><th>Method</th><th>Start</th><th>Time (ms)</th></tr></thead><tbody><tr><th colspan="4">Test Automation Test Suite</th></tr></tbody><tbody id="t0"><tr><th colspan="4">Automation Challenge Test Execution &#8212; failed (configuration methods)</th></tr><tr class="failedeven"><td rowspan="1">com.automation.tests.PaymentConfirmOrderPageTest</td><td><a href="#m0">setUp</a></td><td rowspan="1">1556672144528</td><td rowspan="1">26332</td></tr><tr><th colspan="4">Automation Challenge Test Execution &#8212; skipped</th></tr><tr class="skippedeven"><td rowspan="1">com.automation.tests.PaymentConfirmOrderPageTest</td><td><a href="#m1">verifyPaymentPageTextAndTitle</a></td><td rowspan="1">1556672170862</td><td rowspan="1">0</td></tr><tr><th colspan="4">Automation Challenge Test Execution &#8212; passed</th></tr><tr class="passedeven"><td rowspan="2">com.automation.tests.AddressTabPageTest</td><td><a href="#m2">verifyPageTitleAndPageText</a></td><td rowspan="1">1556672058692</td><td rowspan="1">28</td></tr><tr class="passedeven"><td><a href="#m3">verifyProceedToCheckoutAddressTab</a></td><td rowspan="1">1556672077885</td><td rowspan="1">1128</td></tr><tr class="passedodd"><td rowspan="1">com.automation.tests.CategoryPageTest</td><td><a href="#m4">verifyselectItemAndCheckOut</a></td><td rowspan="1">1556671876706</td><td rowspan="1">4973</td></tr><tr class="passedeven"><td rowspan="5">com.automation.tests.CreateAccountPageTest</td><td><a href="#m5">errorVerificationWhennoValuePassedInForm</a></td><td rowspan="1">1556671941451</td><td rowspan="1">24143</td></tr><tr class="passedeven"><td><a href="#m6">verifyCreateAccontPage</a></td><td rowspan="1">1556671979789</td><td rowspan="1">26</td></tr><tr class="passedeven"><td><a href="#m7">verifyElementDoesNotExistForCountrySelection</a></td><td rowspan="1">1556671994854</td><td rowspan="1">4085</td></tr><tr class="passedeven"><td><a href="#m8">verifyNewAccountCreation</a></td><td rowspan="1">1556672014463</td><td rowspan="1">5134</td></tr><tr class="passedeven"><td><a href="#m9">verifyNoPhoneNumberPassed</a></td><td rowspan="1">1556672033978</td><td rowspan="1">4296</td></tr><tr class="passedodd"><td rowspan="2">com.automation.tests.GuestCheckoutPageTest</td><td><a href="#m10">validateAlreadyRegisterdEmails</a></td><td rowspan="1">1556671910485</td><td rowspan="1">1136</td></tr><tr class="passedodd"><td><a href="#m11">verifyEmailAndCreateAccontButton</a></td><td rowspan="1">1556671925697</td><td rowspan="1">146</td></tr><tr class="passedeven"><td rowspan="1">com.automation.tests.HomePageTest</td><td><a href="#m12">navigateToCategoryTest</a></td><td rowspan="1">1556671867176</td><td rowspan="1">1499</td></tr><tr class="passedodd"><td rowspan="1">com.automation.tests.OrderPageTest</td><td><a href="#m13">verifyselectItemAndCheckOut</a></td><td rowspan="1">1556671894672</td><td rowspan="1">1602</td></tr><tr class="passedeven"><td rowspan="1">com.automation.tests.PaymentConfirmOrderPageTest</td><td><a href="#m14">verifyOrder</a></td><td rowspan="1">1556672143769</td><td rowspan="1">67</td></tr><tr class="passedodd"><td rowspan="2">com.automation.tests.ShippingTabPageTest</td><td><a href="#m15">verifyProceedToCheckoutShippingTab</a></td><td rowspan="1">1556672099971</td><td rowspan="1">1144</td></tr><tr class="passedodd"><td><a href="#m16">verifyShippingPageTitleAndPageText</a></td><td rowspan="1">1556672122096</td><td rowspan="1">28</td></tr></tbody></table><h2>Automation Challenge Test Execution</h2><h3 id="m0">com.automation.tests.PaymentConfirmOrderPageTest#setUp</h3><table class="result"><tr><th>Exception</th></tr><tr><td><div class="stacktrace">org.openqa.selenium.TimeoutException: Expected condition failed: waiting for visibility of [[ChromeDriver: chrome on XP (93410c2f17e8266bd2da84ca7237922e)] -&gt; xpath: //a[text() = &apos;Summer Dresses&apos;]] (tried for 20 second(s) with 500 milliseconds interval)
Build info: version: &apos;3.141.59&apos;, revision: &apos;e82be7d358&apos;, time: &apos;2018-11-14T08:17:03&apos;
System info: host: &apos;DESKTOP-9C2HJJE&apos;, ip: &apos;192.168.0.10&apos;, os.name: &apos;Windows 10&apos;, os.arch: &apos;amd64&apos;, os.version: &apos;10.0&apos;, java.version: &apos;1.8.0_201&apos;
Driver info: org.openqa.selenium.chrome.ChromeDriver
Capabilities {acceptInsecureCerts: false, acceptSslCerts: false, applicationCacheEnabled: false, browserConnectionEnabled: false, browserName: chrome, chrome: {chromedriverVersion: 73.0.3683.68 (47787ec04b6e3..., userDataDir: C:\Users\srima\AppData\Loca...}, cssSelectorsEnabled: true, databaseEnabled: false, goog:chromeOptions: {debuggerAddress: localhost:54502}, handlesAlerts: true, hasTouchScreen: false, javascriptEnabled: true, locationContextEnabled: true, mobileEmulationEnabled: false, nativeEvents: true, networkConnectionEnabled: false, pageLoadStrategy: normal, platform: XP, platformName: XP, proxy: Proxy(), rotatable: false, setWindowRect: true, strictFileInteractability: false, takesHeapSnapshot: true, takesScreenshot: true, timeouts: {implicit: 0, pageLoad: 300000, script: 30000}, unexpectedAlertBehaviour: ignore, unhandledPromptBehavior: ignore, version: 73.0.3683.103, webStorageEnabled: true}
Session ID: 93410c2f17e8266bd2da84ca7237922e
	at org.openqa.selenium.support.ui.WebDriverWait.timeoutException(WebDriverWait.java:95)
	at org.openqa.selenium.support.ui.FluentWait.until(FluentWait.java:272)
	at com.automation.pages.HomePage.selectSummerDress(HomePage.java:40)
	at com.automation.tests.PaymentConfirmOrderPageTest.setUp(PaymentConfirmOrderPageTest.java:44)
... Removed 27 stack frames</div></td></tr></table><p class="totop"><a href="#summary">back to summary</a></p><h3 id="m1">com.automation.tests.PaymentConfirmOrderPageTest#verifyPaymentPageTextAndTitle</h3><table class="result"><tr><th>Exception</th></tr><tr><td><div class="stacktrace">org.openqa.selenium.TimeoutException: Expected condition failed: waiting for visibility of [[ChromeDriver: chrome on XP (93410c2f17e8266bd2da84ca7237922e)] -&gt; xpath: //a[text() = &apos;Summer Dresses&apos;]] (tried for 20 second(s) with 500 milliseconds interval)
Build info: version: &apos;3.141.59&apos;, revision: &apos;e82be7d358&apos;, time: &apos;2018-11-14T08:17:03&apos;
System info: host: &apos;DESKTOP-9C2HJJE&apos;, ip: &apos;192.168.0.10&apos;, os.name: &apos;Windows 10&apos;, os.arch: &apos;amd64&apos;, os.version: &apos;10.0&apos;, java.version: &apos;1.8.0_201&apos;
Driver info: org.openqa.selenium.chrome.ChromeDriver
Capabilities {acceptInsecureCerts: false, acceptSslCerts: false, applicationCacheEnabled: false, browserConnectionEnabled: false, browserName: chrome, chrome: {chromedriverVersion: 73.0.3683.68 (47787ec04b6e3..., userDataDir: C:\Users\srima\AppData\Loca...}, cssSelectorsEnabled: true, databaseEnabled: false, goog:chromeOptions: {debuggerAddress: localhost:54502}, handlesAlerts: true, hasTouchScreen: false, javascriptEnabled: true, locationContextEnabled: true, mobileEmulationEnabled: false, nativeEvents: true, networkConnectionEnabled: false, pageLoadStrategy: normal, platform: XP, platformName: XP, proxy: Proxy(), rotatable: false, setWindowRect: true, strictFileInteractability: false, takesHeapSnapshot: true, takesScreenshot: true, timeouts: {implicit: 0, pageLoad: 300000, script: 30000}, unexpectedAlertBehaviour: ignore, unhandledPromptBehavior: ignore, version: 73.0.3683.103, webStorageEnabled: true}
Session ID: 93410c2f17e8266bd2da84ca7237922e
	at org.openqa.selenium.support.ui.WebDriverWait.timeoutException(WebDriverWait.java:95)
	at org.openqa.selenium.support.ui.FluentWait.until(FluentWait.java:272)
	at com.automation.pages.HomePage.selectSummerDress(HomePage.java:40)
	at com.automation.tests.PaymentConfirmOrderPageTest.setUp(PaymentConfirmOrderPageTest.java:44)
... Removed 27 stack frames</div></td></tr></table><p class="totop"><a href="#summary">back to summary</a></p><h3 id="m2">com.automation.tests.AddressTabPageTest#verifyPageTitleAndPageText</h3><table class="result"></table><p class="totop"><a href="#summary">back to summary</a></p><h3 id="m3">com.automation.tests.AddressTabPageTest#verifyProceedToCheckoutAddressTab</h3><table class="result"></table><p class="totop"><a href="#summary">back to summary</a></p><h3 id="m4">com.automation.tests.CategoryPageTest#verifyselectItemAndCheckOut</h3><table class="result"></table><p class="totop"><a href="#summary">back to summary</a></p><h3 id="m5">com.automation.tests.CreateAccountPageTest#errorVerificationWhennoValuePassedInForm</h3><table class="result"></table><p class="totop"><a href="#summary">back to summary</a></p><h3 id="m6">com.automation.tests.CreateAccountPageTest#verifyCreateAccontPage</h3><table class="result"></table><p class="totop"><a href="#summary">back to summary</a></p><h3 id="m7">com.automation.tests.CreateAccountPageTest#verifyElementDoesNotExistForCountrySelection</h3><table class="result"></table><p class="totop"><a href="#summary">back to summary</a></p><h3 id="m8">com.automation.tests.CreateAccountPageTest#verifyNewAccountCreation</h3><table class="result"><tr class="param"><th>Parameter #1</th><th>Parameter #2</th><th>Parameter #3</th><th>Parameter #4</th><th>Parameter #5</th><th>Parameter #6</th><th>Parameter #7</th><th>Parameter #8</th><th>Parameter #9</th><th>Parameter #10</th><th>Parameter #11</th><th>Parameter #12</th><th>Parameter #13</th><th>Parameter #14</th><th>Parameter #15</th><th>Parameter #16</th><th>Parameter #17</th><th>Parameter #18</th><th>Parameter #19</th><th>Parameter #20</th></tr><tr class="param stripe"><td>M</td><td>Masar</td><td>Nisarr</td><td>masar123</td><td>2</td><td>4</td><td>6</td><td>Masar</td><td>Nisarr</td><td>cmp1</td><td>add1</td><td>add2</td><td>winchester</td><td>Florida</td><td>21780</td><td>United States</td><td>test123</td><td>201-45-9876</td><td>748-535-7312</td><td>add_alias</td></tr></table><p class="totop"><a href="#summary">back to summary</a></p><h3 id="m9">com.automation.tests.CreateAccountPageTest#verifyNoPhoneNumberPassed</h3><table class="result"></table><p class="totop"><a href="#summary">back to summary</a></p><h3 id="m10">com.automation.tests.GuestCheckoutPageTest#validateAlreadyRegisterdEmails</h3><table class="result"></table><p class="totop"><a href="#summary">back to summary</a></p><h3 id="m11">com.automation.tests.GuestCheckoutPageTest#verifyEmailAndCreateAccontButton</h3><table class="result"></table><p class="totop"><a href="#summary">back to summary</a></p><h3 id="m12">com.automation.tests.HomePageTest#navigateToCategoryTest</h3><table class="result"></table><p class="totop"><a href="#summary">back to summary</a></p><h3 id="m13">com.automation.tests.OrderPageTest#verifyselectItemAndCheckOut</h3><table class="result"></table><p class="totop"><a href="#summary">back to summary</a></p><h3 id="m14">com.automation.tests.PaymentConfirmOrderPageTest#verifyOrder</h3><table class="result"></table><p class="totop"><a href="#summary">back to summary</a></p><h3 id="m15">com.automation.tests.ShippingTabPageTest#verifyProceedToCheckoutShippingTab</h3><table class="result"></table><p class="totop"><a href="#summary">back to summary</a></p><h3 id="m16">com.automation.tests.ShippingTabPageTest#verifyShippingPageTitleAndPageText</h3><table class="result"></table><p class="totop"><a href="#summary">back to summary</a></p></body></html>