<?xml version="1.0" encoding="UTF-8"?>
<testng-results skipped="1" failed="0" ignored="0" total="16" passed="15">
  <reporter-output>
  </reporter-output>
  <suite name="Test Automation Test Suite" duration-ms="310329" started-at="2019-05-01T00:51:00Z" finished-at="2019-05-01T00:56:10Z">
    <groups>
    </groups>
    <test name="Automation Challenge Test Execution" duration-ms="310329" started-at="2019-05-01T00:51:00Z" finished-at="2019-05-01T00:56:10Z">
      <class name="com.automation.tests.OrderPageTest">
        <test-method status="PASS" signature="setup()[pri:0, instance:com.automation.tests.OrderPageTest@55183b20]" name="setup" is-config="true" duration-ms="12276" started-at="2019-04-30T20:51:22Z" finished-at="2019-04-30T20:51:34Z">
          <reporter-output>
          </reporter-output>
        </test-method> <!-- setup -->
        <test-method status="PASS" signature="verifyselectItemAndCheckOut()[pri:0, instance:com.automation.tests.OrderPageTest@55183b20]" name="verifyselectItemAndCheckOut" duration-ms="1602" started-at="2019-04-30T20:51:34Z" finished-at="2019-04-30T20:51:36Z">
          <reporter-output>
          </reporter-output>
        </test-method> <!-- verifyselectItemAndCheckOut -->
        <test-method status="PASS" signature="tearDown()[pri:0, instance:com.automation.tests.OrderPageTest@55183b20]" name="tearDown" is-config="true" duration-ms="708" started-at="2019-04-30T20:51:36Z" finished-at="2019-04-30T20:51:36Z">
          <reporter-output>
          </reporter-output>
        </test-method> <!-- tearDown -->
      </class> <!-- com.automation.tests.OrderPageTest -->
      <class name="com.automation.tests.CreateAccountPageTest">
        <test-method status="PASS" signature="setup()[pri:0, instance:com.automation.tests.CreateAccountPageTest@6cf0e0ba]" name="setup" is-config="true" duration-ms="14890" started-at="2019-04-30T20:52:06Z" finished-at="2019-04-30T20:52:21Z">
          <reporter-output>
          </reporter-output>
        </test-method> <!-- setup -->
        <test-method status="PASS" signature="errorVerificationWhennoValuePassedInForm()[pri:0, instance:com.automation.tests.CreateAccountPageTest@6cf0e0ba]" name="errorVerificationWhennoValuePassedInForm" duration-ms="24143" started-at="2019-04-30T20:52:21Z" finished-at="2019-04-30T20:52:45Z">
          <reporter-output>
          </reporter-output>
        </test-method> <!-- errorVerificationWhennoValuePassedInForm -->
        <test-method status="PASS" signature="tearDown()[pri:0, instance:com.automation.tests.CreateAccountPageTest@6cf0e0ba]" name="tearDown" is-config="true" duration-ms="680" started-at="2019-04-30T20:52:45Z" finished-at="2019-04-30T20:52:46Z">
          <reporter-output>
          </reporter-output>
        </test-method> <!-- tearDown -->
        <test-method status="PASS" signature="setup()[pri:0, instance:com.automation.tests.CreateAccountPageTest@6cf0e0ba]" name="setup" is-config="true" duration-ms="13514" started-at="2019-04-30T20:52:46Z" finished-at="2019-04-30T20:52:59Z">
          <reporter-output>
          </reporter-output>
        </test-method> <!-- setup -->
        <test-method status="PASS" signature="verifyCreateAccontPage()[pri:0, instance:com.automation.tests.CreateAccountPageTest@6cf0e0ba]" name="verifyCreateAccontPage" duration-ms="26" started-at="2019-04-30T20:52:59Z" finished-at="2019-04-30T20:52:59Z">
          <reporter-output>
          </reporter-output>
        </test-method> <!-- verifyCreateAccontPage -->
        <test-method status="PASS" signature="tearDown()[pri:0, instance:com.automation.tests.CreateAccountPageTest@6cf0e0ba]" name="tearDown" is-config="true" duration-ms="701" started-at="2019-04-30T20:52:59Z" finished-at="2019-04-30T20:53:00Z">
          <reporter-output>
          </reporter-output>
        </test-method> <!-- tearDown -->
        <test-method status="PASS" signature="setup()[pri:0, instance:com.automation.tests.CreateAccountPageTest@6cf0e0ba]" name="setup" is-config="true" duration-ms="14336" started-at="2019-04-30T20:53:00Z" finished-at="2019-04-30T20:53:14Z">
          <reporter-output>
          </reporter-output>
        </test-method> <!-- setup -->
        <test-method status="PASS" signature="verifyElementDoesNotExistForCountrySelection()[pri:0, instance:com.automation.tests.CreateAccountPageTest@6cf0e0ba]" name="verifyElementDoesNotExistForCountrySelection" duration-ms="4085" started-at="2019-04-30T20:53:14Z" finished-at="2019-04-30T20:53:18Z">
          <reporter-output>
          </reporter-output>
        </test-method> <!-- verifyElementDoesNotExistForCountrySelection -->
        <test-method status="PASS" signature="tearDown()[pri:0, instance:com.automation.tests.CreateAccountPageTest@6cf0e0ba]" name="tearDown" is-config="true" duration-ms="693" started-at="2019-04-30T20:53:18Z" finished-at="2019-04-30T20:53:19Z">
          <reporter-output>
          </reporter-output>
        </test-method> <!-- tearDown -->
        <test-method status="PASS" signature="setup()[pri:0, instance:com.automation.tests.CreateAccountPageTest@6cf0e0ba]" name="setup" is-config="true" duration-ms="14474" started-at="2019-04-30T20:53:19Z" finished-at="2019-04-30T20:53:34Z">
          <reporter-output>
          </reporter-output>
        </test-method> <!-- setup -->
        <test-method status="PASS" signature="verifyNewAccountCreation(java.lang.String, java.lang.String, java.lang.String, java.lang.String, java.lang.String, java.lang.String, java.lang.String, java.lang.String, java.lang.String, java.lang.String, java.lang.String, java.lang.String, java.lang.String, java.lang.String, java.lang.String, java.lang.String, java.lang.String, java.lang.String, java.lang.String, java.lang.String)[pri:0, instance:com.automation.tests.CreateAccountPageTest@6cf0e0ba]" name="verifyNewAccountCreation" duration-ms="5134" started-at="2019-04-30T20:53:34Z" data-provider="getAcctCreationData" finished-at="2019-04-30T20:53:39Z">
          <params>
            <param index="0">
              <value>
                <![CDATA[M]]>
              </value>
            </param>
            <param index="1">
              <value>
                <![CDATA[Masar]]>
              </value>
            </param>
            <param index="2">
              <value>
                <![CDATA[Nisarr]]>
              </value>
            </param>
            <param index="3">
              <value>
                <![CDATA[masar123]]>
              </value>
            </param>
            <param index="4">
              <value>
                <![CDATA[2]]>
              </value>
            </param>
            <param index="5">
              <value>
                <![CDATA[4]]>
              </value>
            </param>
            <param index="6">
              <value>
                <![CDATA[6]]>
              </value>
            </param>
            <param index="7">
              <value>
                <![CDATA[Masar]]>
              </value>
            </param>
            <param index="8">
              <value>
                <![CDATA[Nisarr]]>
              </value>
            </param>
            <param index="9">
              <value>
                <![CDATA[cmp1]]>
              </value>
            </param>
            <param index="10">
              <value>
                <![CDATA[add1]]>
              </value>
            </param>
            <param index="11">
              <value>
                <![CDATA[add2]]>
              </value>
            </param>
            <param index="12">
              <value>
                <![CDATA[winchester]]>
              </value>
            </param>
            <param index="13">
              <value>
                <![CDATA[Florida]]>
              </value>
            </param>
            <param index="14">
              <value>
                <![CDATA[21780]]>
              </value>
            </param>
            <param index="15">
              <value>
                <![CDATA[United States]]>
              </value>
            </param>
            <param index="16">
              <value>
                <![CDATA[test123]]>
              </value>
            </param>
            <param index="17">
              <value>
                <![CDATA[201-45-9876]]>
              </value>
            </param>
            <param index="18">
              <value>
                <![CDATA[748-535-7312]]>
              </value>
            </param>
            <param index="19">
              <value>
                <![CDATA[add_alias]]>
              </value>
            </param>
          </params>
          <reporter-output>
          </reporter-output>
        </test-method> <!-- verifyNewAccountCreation -->
        <test-method status="PASS" signature="tearDown()[pri:0, instance:com.automation.tests.CreateAccountPageTest@6cf0e0ba]" name="tearDown" is-config="true" duration-ms="720" started-at="2019-04-30T20:53:39Z" finished-at="2019-04-30T20:53:40Z">
          <reporter-output>
          </reporter-output>
        </test-method> <!-- tearDown -->
        <test-method status="PASS" signature="setup()[pri:0, instance:com.automation.tests.CreateAccountPageTest@6cf0e0ba]" name="setup" is-config="true" duration-ms="13661" started-at="2019-04-30T20:53:40Z" finished-at="2019-04-30T20:53:53Z">
          <reporter-output>
          </reporter-output>
        </test-method> <!-- setup -->
        <test-method status="PASS" signature="verifyNoPhoneNumberPassed()[pri:0, instance:com.automation.tests.CreateAccountPageTest@6cf0e0ba]" name="verifyNoPhoneNumberPassed" duration-ms="4296" started-at="2019-04-30T20:53:53Z" finished-at="2019-04-30T20:53:58Z">
          <reporter-output>
          </reporter-output>
        </test-method> <!-- verifyNoPhoneNumberPassed -->
        <test-method status="PASS" signature="tearDown()[pri:0, instance:com.automation.tests.CreateAccountPageTest@6cf0e0ba]" name="tearDown" is-config="true" duration-ms="741" started-at="2019-04-30T20:53:58Z" finished-at="2019-04-30T20:53:59Z">
          <reporter-output>
          </reporter-output>
        </test-method> <!-- tearDown -->
      </class> <!-- com.automation.tests.CreateAccountPageTest -->
      <class name="com.automation.tests.GuestCheckoutPageTest">
        <test-method status="PASS" signature="setup()[pri:0, instance:com.automation.tests.GuestCheckoutPageTest@4f83df68]" name="setup" is-config="true" duration-ms="13502" started-at="2019-04-30T20:51:36Z" finished-at="2019-04-30T20:51:50Z">
          <reporter-output>
          </reporter-output>
        </test-method> <!-- setup -->
        <test-method status="PASS" signature="validateAlreadyRegisterdEmails()[pri:0, instance:com.automation.tests.GuestCheckoutPageTest@4f83df68]" name="validateAlreadyRegisterdEmails" duration-ms="1136" started-at="2019-04-30T20:51:50Z" finished-at="2019-04-30T20:51:51Z">
          <reporter-output>
          </reporter-output>
        </test-method> <!-- validateAlreadyRegisterdEmails -->
        <test-method status="PASS" signature="tearDown()[pri:0, instance:com.automation.tests.GuestCheckoutPageTest@4f83df68]" name="tearDown" is-config="true" duration-ms="702" started-at="2019-04-30T20:51:51Z" finished-at="2019-04-30T20:51:52Z">
          <reporter-output>
          </reporter-output>
        </test-method> <!-- tearDown -->
        <test-method status="PASS" signature="setup()[pri:0, instance:com.automation.tests.GuestCheckoutPageTest@4f83df68]" name="setup" is-config="true" duration-ms="13373" started-at="2019-04-30T20:51:52Z" finished-at="2019-04-30T20:52:05Z">
          <reporter-output>
          </reporter-output>
        </test-method> <!-- setup -->
        <test-method status="PASS" signature="verifyEmailAndCreateAccontButton()[pri:0, instance:com.automation.tests.GuestCheckoutPageTest@4f83df68]" name="verifyEmailAndCreateAccontButton" duration-ms="146" started-at="2019-04-30T20:52:05Z" finished-at="2019-04-30T20:52:05Z">
          <reporter-output>
          </reporter-output>
        </test-method> <!-- verifyEmailAndCreateAccontButton -->
        <test-method status="PASS" signature="tearDown()[pri:0, instance:com.automation.tests.GuestCheckoutPageTest@4f83df68]" name="tearDown" is-config="true" duration-ms="715" started-at="2019-04-30T20:52:05Z" finished-at="2019-04-30T20:52:06Z">
          <reporter-output>
          </reporter-output>
        </test-method> <!-- tearDown -->
      </class> <!-- com.automation.tests.GuestCheckoutPageTest -->
      <class name="com.automation.tests.HomePageTest">
        <test-method status="PASS" signature="setup()[pri:0, instance:com.automation.tests.HomePageTest@35e2d654]" name="setup" is-config="true" duration-ms="6629" started-at="2019-04-30T20:51:00Z" finished-at="2019-04-30T20:51:07Z">
          <reporter-output>
          </reporter-output>
        </test-method> <!-- setup -->
        <test-method status="PASS" signature="navigateToCategoryTest()[pri:0, instance:com.automation.tests.HomePageTest@35e2d654]" name="navigateToCategoryTest" duration-ms="1499" started-at="2019-04-30T20:51:07Z" finished-at="2019-04-30T20:51:08Z">
          <reporter-output>
          </reporter-output>
        </test-method> <!-- navigateToCategoryTest -->
        <test-method status="PASS" signature="tearDown()[pri:0, instance:com.automation.tests.HomePageTest@35e2d654]" name="tearDown" is-config="true" duration-ms="702" started-at="2019-04-30T20:51:08Z" finished-at="2019-04-30T20:51:09Z">
          <reporter-output>
          </reporter-output>
        </test-method> <!-- tearDown -->
      </class> <!-- com.automation.tests.HomePageTest -->
      <class name="com.automation.tests.ShippingTabPageTest">
        <test-method status="PASS" signature="setUp()[pri:0, instance:com.automation.tests.ShippingTabPageTest@130d63be]" name="setUp" is-config="true" duration-ms="20244" started-at="2019-04-30T20:54:39Z" finished-at="2019-04-30T20:54:59Z">
          <reporter-output>
          </reporter-output>
        </test-method> <!-- setUp -->
        <test-method status="PASS" signature="verifyProceedToCheckoutShippingTab()[pri:0, instance:com.automation.tests.ShippingTabPageTest@130d63be]" name="verifyProceedToCheckoutShippingTab" duration-ms="1144" started-at="2019-04-30T20:54:59Z" finished-at="2019-04-30T20:55:01Z">
          <reporter-output>
          </reporter-output>
        </test-method> <!-- verifyProceedToCheckoutShippingTab -->
        <test-method status="PASS" signature="tearDown()[pri:0, instance:com.automation.tests.ShippingTabPageTest@130d63be]" name="tearDown" is-config="true" duration-ms="688" started-at="2019-04-30T20:55:01Z" finished-at="2019-04-30T20:55:01Z">
          <reporter-output>
          </reporter-output>
        </test-method> <!-- tearDown -->
        <test-method status="PASS" signature="setUp()[pri:0, instance:com.automation.tests.ShippingTabPageTest@130d63be]" name="setUp" is-config="true" duration-ms="20291" started-at="2019-04-30T20:55:01Z" finished-at="2019-04-30T20:55:22Z">
          <reporter-output>
          </reporter-output>
        </test-method> <!-- setUp -->
        <test-method status="PASS" signature="verifyShippingPageTitleAndPageText()[pri:0, instance:com.automation.tests.ShippingTabPageTest@130d63be]" name="verifyShippingPageTitleAndPageText" duration-ms="28" started-at="2019-04-30T20:55:22Z" finished-at="2019-04-30T20:55:22Z">
          <reporter-output>
          </reporter-output>
        </test-method> <!-- verifyShippingPageTitleAndPageText -->
        <test-method status="PASS" signature="tearDown()[pri:0, instance:com.automation.tests.ShippingTabPageTest@130d63be]" name="tearDown" is-config="true" duration-ms="708" started-at="2019-04-30T20:55:22Z" finished-at="2019-04-30T20:55:22Z">
          <reporter-output>
          </reporter-output>
        </test-method> <!-- tearDown -->
      </class> <!-- com.automation.tests.ShippingTabPageTest -->
      <class name="com.automation.tests.CategoryPageTest">
        <test-method status="PASS" signature="setup()[pri:0, instance:com.automation.tests.CategoryPageTest@1bd4fdd]" name="setup" is-config="true" duration-ms="7327" started-at="2019-04-30T20:51:09Z" finished-at="2019-04-30T20:51:16Z">
          <reporter-output>
          </reporter-output>
        </test-method> <!-- setup -->
        <test-method status="PASS" signature="verifyselectItemAndCheckOut()[pri:0, instance:com.automation.tests.CategoryPageTest@1bd4fdd]" name="verifyselectItemAndCheckOut" duration-ms="4973" started-at="2019-04-30T20:51:16Z" finished-at="2019-04-30T20:51:21Z">
          <reporter-output>
          </reporter-output>
        </test-method> <!-- verifyselectItemAndCheckOut -->
        <test-method status="PASS" signature="tearDown()[pri:0, instance:com.automation.tests.CategoryPageTest@1bd4fdd]" name="tearDown" is-config="true" duration-ms="715" started-at="2019-04-30T20:51:21Z" finished-at="2019-04-30T20:51:22Z">
          <reporter-output>
          </reporter-output>
        </test-method> <!-- tearDown -->
      </class> <!-- com.automation.tests.CategoryPageTest -->
      <class name="com.automation.tests.PaymentConfirmOrderPageTest">
        <test-method status="PASS" signature="setUp()[pri:0, instance:com.automation.tests.PaymentConfirmOrderPageTest@42a48628]" name="setUp" is-config="true" duration-ms="20936" started-at="2019-04-30T20:55:22Z" finished-at="2019-04-30T20:55:43Z">
          <reporter-output>
          </reporter-output>
        </test-method> <!-- setUp -->
        <test-method status="PASS" signature="verifyOrder()[pri:0, instance:com.automation.tests.PaymentConfirmOrderPageTest@42a48628]" name="verifyOrder" duration-ms="67" started-at="2019-04-30T20:55:43Z" finished-at="2019-04-30T20:55:43Z">
          <reporter-output>
          </reporter-output>
        </test-method> <!-- verifyOrder -->
        <test-method status="PASS" signature="tearDown()[pri:0, instance:com.automation.tests.PaymentConfirmOrderPageTest@42a48628]" name="tearDown" is-config="true" duration-ms="691" started-at="2019-04-30T20:55:43Z" finished-at="2019-04-30T20:55:44Z">
          <reporter-output>
          </reporter-output>
        </test-method> <!-- tearDown -->
        <test-method status="FAIL" signature="setUp()[pri:0, instance:com.automation.tests.PaymentConfirmOrderPageTest@42a48628]" name="setUp" is-config="true" duration-ms="26332" started-at="2019-04-30T20:55:44Z" finished-at="2019-04-30T20:56:10Z">
          <exception class="org.openqa.selenium.TimeoutException">
            <message>
              <![CDATA[Expected condition failed: waiting for visibility of [[ChromeDriver: chrome on XP (93410c2f17e8266bd2da84ca7237922e)] -> xpath: //a[text() = 'Summer Dresses']] (tried for 20 second(s) with 500 milliseconds interval)
Build info: version: '3.141.59', revision: 'e82be7d358', time: '2018-11-14T08:17:03'
System info: host: 'DESKTOP-9C2HJJE', ip: '192.168.0.10', os.name: 'Windows 10', os.arch: 'amd64', os.version: '10.0', java.version: '1.8.0_201'
Driver info: org.openqa.selenium.chrome.ChromeDriver
Capabilities {acceptInsecureCerts: false, acceptSslCerts: false, applicationCacheEnabled: false, browserConnectionEnabled: false, browserName: chrome, chrome: {chromedriverVersion: 73.0.3683.68 (47787ec04b6e3..., userDataDir: C:\Users\srima\AppData\Loca...}, cssSelectorsEnabled: true, databaseEnabled: false, goog:chromeOptions: {debuggerAddress: localhost:54502}, handlesAlerts: true, hasTouchScreen: false, javascriptEnabled: true, locationContextEnabled: true, mobileEmulationEnabled: false, nativeEvents: true, networkConnectionEnabled: false, pageLoadStrategy: normal, platform: XP, platformName: XP, proxy: Proxy(), rotatable: false, setWindowRect: true, strictFileInteractability: false, takesHeapSnapshot: true, takesScreenshot: true, timeouts: {implicit: 0, pageLoad: 300000, script: 30000}, unexpectedAlertBehaviour: ignore, unhandledPromptBehavior: ignore, version: 73.0.3683.103, webStorageEnabled: true}
Session ID: 93410c2f17e8266bd2da84ca7237922e]]>
            </message>
            <full-stacktrace>
              <![CDATA[org.openqa.selenium.TimeoutException: Expected condition failed: waiting for visibility of [[ChromeDriver: chrome on XP (93410c2f17e8266bd2da84ca7237922e)] -> xpath: //a[text() = 'Summer Dresses']] (tried for 20 second(s) with 500 milliseconds interval)
Build info: version: '3.141.59', revision: 'e82be7d358', time: '2018-11-14T08:17:03'
System info: host: 'DESKTOP-9C2HJJE', ip: '192.168.0.10', os.name: 'Windows 10', os.arch: 'amd64', os.version: '10.0', java.version: '1.8.0_201'
Driver info: org.openqa.selenium.chrome.ChromeDriver
Capabilities {acceptInsecureCerts: false, acceptSslCerts: false, applicationCacheEnabled: false, browserConnectionEnabled: false, browserName: chrome, chrome: {chromedriverVersion: 73.0.3683.68 (47787ec04b6e3..., userDataDir: C:\Users\srima\AppData\Loca...}, cssSelectorsEnabled: true, databaseEnabled: false, goog:chromeOptions: {debuggerAddress: localhost:54502}, handlesAlerts: true, hasTouchScreen: false, javascriptEnabled: true, locationContextEnabled: true, mobileEmulationEnabled: false, nativeEvents: true, networkConnectionEnabled: false, pageLoadStrategy: normal, platform: XP, platformName: XP, proxy: Proxy(), rotatable: false, setWindowRect: true, strictFileInteractability: false, takesHeapSnapshot: true, takesScreenshot: true, timeouts: {implicit: 0, pageLoad: 300000, script: 30000}, unexpectedAlertBehaviour: ignore, unhandledPromptBehavior: ignore, version: 73.0.3683.103, webStorageEnabled: true}
Session ID: 93410c2f17e8266bd2da84ca7237922e
	at org.openqa.selenium.support.ui.WebDriverWait.timeoutException(WebDriverWait.java:95)
	at org.openqa.selenium.support.ui.FluentWait.until(FluentWait.java:272)
	at com.automation.pages.HomePage.selectSummerDress(HomePage.java:40)
	at com.automation.tests.PaymentConfirmOrderPageTest.setUp(PaymentConfirmOrderPageTest.java:44)
	at sun.reflect.NativeMethodAccessorImpl.invoke0(Native Method)
	at sun.reflect.NativeMethodAccessorImpl.invoke(NativeMethodAccessorImpl.java:62)
	at sun.reflect.DelegatingMethodAccessorImpl.invoke(DelegatingMethodAccessorImpl.java:43)
	at java.lang.reflect.Method.invoke(Method.java:498)
	at org.testng.internal.MethodInvocationHelper.invokeMethod(MethodInvocationHelper.java:108)
	at org.testng.internal.Invoker.invokeConfigurationMethod(Invoker.java:523)
	at org.testng.internal.Invoker.invokeConfigurations(Invoker.java:224)
	at org.testng.internal.Invoker.invokeMethod(Invoker.java:599)
	at org.testng.internal.Invoker.invokeTestMethod(Invoker.java:869)
	at org.testng.internal.Invoker.invokeTestMethods(Invoker.java:1193)
	at org.testng.internal.TestMethodWorker.invokeTestMethods(TestMethodWorker.java:126)
	at org.testng.internal.TestMethodWorker.run(TestMethodWorker.java:109)
	at org.testng.TestRunner.privateRun(TestRunner.java:744)
	at org.testng.TestRunner.run(TestRunner.java:602)
	at org.testng.SuiteRunner.runTest(SuiteRunner.java:380)
	at org.testng.SuiteRunner.runSequentially(SuiteRunner.java:375)
	at org.testng.SuiteRunner.privateRun(SuiteRunner.java:340)
	at org.testng.SuiteRunner.run(SuiteRunner.java:289)
	at org.testng.SuiteRunnerWorker.runSuite(SuiteRunnerWorker.java:52)
	at org.testng.SuiteRunnerWorker.run(SuiteRunnerWorker.java:86)
	at org.testng.TestNG.runSuitesSequentially(TestNG.java:1301)
	at org.testng.TestNG.runSuitesLocally(TestNG.java:1226)
	at org.testng.TestNG.runSuites(TestNG.java:1144)
	at org.testng.TestNG.run(TestNG.java:1115)
	at org.testng.remote.AbstractRemoteTestNG.run(AbstractRemoteTestNG.java:115)
	at org.testng.remote.RemoteTestNG.initAndRun(RemoteTestNG.java:251)
	at org.testng.remote.RemoteTestNG.main(RemoteTestNG.java:77)
]]>
            </full-stacktrace>
          </exception> <!-- org.openqa.selenium.TimeoutException -->
          <reporter-output>
          </reporter-output>
        </test-method> <!-- setUp -->
        <test-method status="SKIP" signature="verifyPaymentPageTextAndTitle()[pri:0, instance:com.automation.tests.PaymentConfirmOrderPageTest@42a48628]" name="verifyPaymentPageTextAndTitle" duration-ms="0" started-at="2019-04-30T20:56:10Z" finished-at="2019-04-30T20:56:10Z">
          <exception class="org.openqa.selenium.TimeoutException">
            <message>
              <![CDATA[Expected condition failed: waiting for visibility of [[ChromeDriver: chrome on XP (93410c2f17e8266bd2da84ca7237922e)] -> xpath: //a[text() = 'Summer Dresses']] (tried for 20 second(s) with 500 milliseconds interval)
Build info: version: '3.141.59', revision: 'e82be7d358', time: '2018-11-14T08:17:03'
System info: host: 'DESKTOP-9C2HJJE', ip: '192.168.0.10', os.name: 'Windows 10', os.arch: 'amd64', os.version: '10.0', java.version: '1.8.0_201'
Driver info: org.openqa.selenium.chrome.ChromeDriver
Capabilities {acceptInsecureCerts: false, acceptSslCerts: false, applicationCacheEnabled: false, browserConnectionEnabled: false, browserName: chrome, chrome: {chromedriverVersion: 73.0.3683.68 (47787ec04b6e3..., userDataDir: C:\Users\srima\AppData\Loca...}, cssSelectorsEnabled: true, databaseEnabled: false, goog:chromeOptions: {debuggerAddress: localhost:54502}, handlesAlerts: true, hasTouchScreen: false, javascriptEnabled: true, locationContextEnabled: true, mobileEmulationEnabled: false, nativeEvents: true, networkConnectionEnabled: false, pageLoadStrategy: normal, platform: XP, platformName: XP, proxy: Proxy(), rotatable: false, setWindowRect: true, strictFileInteractability: false, takesHeapSnapshot: true, takesScreenshot: true, timeouts: {implicit: 0, pageLoad: 300000, script: 30000}, unexpectedAlertBehaviour: ignore, unhandledPromptBehavior: ignore, version: 73.0.3683.103, webStorageEnabled: true}
Session ID: 93410c2f17e8266bd2da84ca7237922e]]>
            </message>
            <full-stacktrace>
              <![CDATA[org.openqa.selenium.TimeoutException: Expected condition failed: waiting for visibility of [[ChromeDriver: chrome on XP (93410c2f17e8266bd2da84ca7237922e)] -> xpath: //a[text() = 'Summer Dresses']] (tried for 20 second(s) with 500 milliseconds interval)
Build info: version: '3.141.59', revision: 'e82be7d358', time: '2018-11-14T08:17:03'
System info: host: 'DESKTOP-9C2HJJE', ip: '192.168.0.10', os.name: 'Windows 10', os.arch: 'amd64', os.version: '10.0', java.version: '1.8.0_201'
Driver info: org.openqa.selenium.chrome.ChromeDriver
Capabilities {acceptInsecureCerts: false, acceptSslCerts: false, applicationCacheEnabled: false, browserConnectionEnabled: false, browserName: chrome, chrome: {chromedriverVersion: 73.0.3683.68 (47787ec04b6e3..., userDataDir: C:\Users\srima\AppData\Loca...}, cssSelectorsEnabled: true, databaseEnabled: false, goog:chromeOptions: {debuggerAddress: localhost:54502}, handlesAlerts: true, hasTouchScreen: false, javascriptEnabled: true, locationContextEnabled: true, mobileEmulationEnabled: false, nativeEvents: true, networkConnectionEnabled: false, pageLoadStrategy: normal, platform: XP, platformName: XP, proxy: Proxy(), rotatable: false, setWindowRect: true, strictFileInteractability: false, takesHeapSnapshot: true, takesScreenshot: true, timeouts: {implicit: 0, pageLoad: 300000, script: 30000}, unexpectedAlertBehaviour: ignore, unhandledPromptBehavior: ignore, version: 73.0.3683.103, webStorageEnabled: true}
Session ID: 93410c2f17e8266bd2da84ca7237922e
	at org.openqa.selenium.support.ui.WebDriverWait.timeoutException(WebDriverWait.java:95)
	at org.openqa.selenium.support.ui.FluentWait.until(FluentWait.java:272)
	at com.automation.pages.HomePage.selectSummerDress(HomePage.java:40)
	at com.automation.tests.PaymentConfirmOrderPageTest.setUp(PaymentConfirmOrderPageTest.java:44)
	at sun.reflect.NativeMethodAccessorImpl.invoke0(Native Method)
	at sun.reflect.NativeMethodAccessorImpl.invoke(NativeMethodAccessorImpl.java:62)
	at sun.reflect.DelegatingMethodAccessorImpl.invoke(DelegatingMethodAccessorImpl.java:43)
	at java.lang.reflect.Method.invoke(Method.java:498)
	at org.testng.internal.MethodInvocationHelper.invokeMethod(MethodInvocationHelper.java:108)
	at org.testng.internal.Invoker.invokeConfigurationMethod(Invoker.java:523)
	at org.testng.internal.Invoker.invokeConfigurations(Invoker.java:224)
	at org.testng.internal.Invoker.invokeMethod(Invoker.java:599)
	at org.testng.internal.Invoker.invokeTestMethod(Invoker.java:869)
	at org.testng.internal.Invoker.invokeTestMethods(Invoker.java:1193)
	at org.testng.internal.TestMethodWorker.invokeTestMethods(TestMethodWorker.java:126)
	at org.testng.internal.TestMethodWorker.run(TestMethodWorker.java:109)
	at org.testng.TestRunner.privateRun(TestRunner.java:744)
	at org.testng.TestRunner.run(TestRunner.java:602)
	at org.testng.SuiteRunner.runTest(SuiteRunner.java:380)
	at org.testng.SuiteRunner.runSequentially(SuiteRunner.java:375)
	at org.testng.SuiteRunner.privateRun(SuiteRunner.java:340)
	at org.testng.SuiteRunner.run(SuiteRunner.java:289)
	at org.testng.SuiteRunnerWorker.runSuite(SuiteRunnerWorker.java:52)
	at org.testng.SuiteRunnerWorker.run(SuiteRunnerWorker.java:86)
	at org.testng.TestNG.runSuitesSequentially(TestNG.java:1301)
	at org.testng.TestNG.runSuitesLocally(TestNG.java:1226)
	at org.testng.TestNG.runSuites(TestNG.java:1144)
	at org.testng.TestNG.run(TestNG.java:1115)
	at org.testng.remote.AbstractRemoteTestNG.run(AbstractRemoteTestNG.java:115)
	at org.testng.remote.RemoteTestNG.initAndRun(RemoteTestNG.java:251)
	at org.testng.remote.RemoteTestNG.main(RemoteTestNG.java:77)
]]>
            </full-stacktrace>
          </exception> <!-- org.openqa.selenium.TimeoutException -->
          <reporter-output>
          </reporter-output>
        </test-method> <!-- verifyPaymentPageTextAndTitle -->
      </class> <!-- com.automation.tests.PaymentConfirmOrderPageTest -->
      <class name="com.automation.tests.AddressTabPageTest">
        <test-method status="PASS" signature="setup()[pri:0, instance:com.automation.tests.AddressTabPageTest@7d8995e]" name="setup" is-config="true" duration-ms="19676" started-at="2019-04-30T20:53:59Z" finished-at="2019-04-30T20:54:18Z">
          <reporter-output>
          </reporter-output>
        </test-method> <!-- setup -->
        <test-method status="PASS" signature="verifyPageTitleAndPageText()[pri:0, instance:com.automation.tests.AddressTabPageTest@7d8995e]" name="verifyPageTitleAndPageText" duration-ms="28" started-at="2019-04-30T20:54:18Z" finished-at="2019-04-30T20:54:18Z">
          <reporter-output>
          </reporter-output>
        </test-method> <!-- verifyPageTitleAndPageText -->
        <test-method status="PASS" signature="tearDown()[pri:0, instance:com.automation.tests.AddressTabPageTest@7d8995e]" name="tearDown" is-config="true" duration-ms="697" started-at="2019-04-30T20:54:18Z" finished-at="2019-04-30T20:54:19Z">
          <reporter-output>
          </reporter-output>
        </test-method> <!-- tearDown -->
        <test-method status="PASS" signature="setup()[pri:0, instance:com.automation.tests.AddressTabPageTest@7d8995e]" name="setup" is-config="true" duration-ms="18467" started-at="2019-04-30T20:54:19Z" finished-at="2019-04-30T20:54:37Z">
          <reporter-output>
          </reporter-output>
        </test-method> <!-- setup -->
        <test-method status="PASS" signature="verifyProceedToCheckoutAddressTab()[pri:0, instance:com.automation.tests.AddressTabPageTest@7d8995e]" name="verifyProceedToCheckoutAddressTab" duration-ms="1128" started-at="2019-04-30T20:54:37Z" finished-at="2019-04-30T20:54:39Z">
          <reporter-output>
          </reporter-output>
        </test-method> <!-- verifyProceedToCheckoutAddressTab -->
        <test-method status="PASS" signature="tearDown()[pri:0, instance:com.automation.tests.AddressTabPageTest@7d8995e]" name="tearDown" is-config="true" duration-ms="713" started-at="2019-04-30T20:54:39Z" finished-at="2019-04-30T20:54:39Z">
          <reporter-output>
          </reporter-output>
        </test-method> <!-- tearDown -->
      </class> <!-- com.automation.tests.AddressTabPageTest -->
    </test> <!-- Automation Challenge Test Execution -->
  </suite> <!-- Test Automation Test Suite -->
</testng-results>
